<?xml version="1.0" encoding="UTF-8"?>
<testng-results ignored="0" total="1" passed="1" failed="0" skipped="0">
  <reporter-output>
  </reporter-output>
  <suite started-at="2022-04-14T15:47:56 CDT" name="Suite" finished-at="2022-04-14T15:48:33 CDT" duration-ms="36533">
    <groups>
    </groups>
    <test started-at="2022-04-14T15:47:56 CDT" name="Test" finished-at="2022-04-14T15:48:33 CDT" duration-ms="36533">
      <class name="LoginInTest">
        <test-method signature="Login()[pri:0, instance:LoginInTest@6c6cb480]" started-at="2022-04-14T15:47:56 CDT" name="Login" finished-at="2022-04-14T15:48:33 CDT" duration-ms="36476" status="PASS">
          <reporter-output>
          </reporter-output>
        </test-method> <!-- Login -->
      </class> <!-- LoginInTest -->
    </test> <!-- Test -->
  </suite> <!-- Suite -->
</testng-results>
